{
  "RSpec": {
    "coverage": {
      "/home/dev/Documents/office/testproject/dinnerdash/config/environment.rb": {
        "lines": [
          null,
          null,
          null,
          1,
          null,
          null,
          1
        ]
      },
      "/home/dev/Documents/office/testproject/dinnerdash/config/application.rb": {
        "lines": [
          null,
          null,
          1,
          null,
          1,
          null,
          null,
          null,
          1,
          null,
          1,
          1,
          null,
          1,
          null,
          null,
          null,
          null,
          null,
          null,
          null
        ]
      },
      "/home/dev/Documents/office/testproject/dinnerdash/config/boot.rb": {
        "lines": [
          null,
          null,
          1,
          null,
          1,
          1
        ]
      },
      "/home/dev/Documents/office/testproject/dinnerdash/config/environments/test.rb": {
        "lines": [
          null,
          null,
          1,
          null,
          null,
          null,
          null,
          null,
          null,
          1,
          null,
          null,
          null,
          null,
          1,
          null,
          null,
          1,
          1,
          null,
          null,
          null,
          null,
          1,
          1,
          null,
          null,
          1,
          null,
          null,
          1,
          null,
          null,
          1,
          null,
          1,
          null,
          null,
          null,
          null,
          1,
          null,
          null,
          1,
          null,
          null,
          null,
          null
        ]
      },
      "/home/dev/Documents/office/testproject/dinnerdash/config/initializers/application_controller_renderer.rb": {
        "lines": [
          null,
          null,
          null,
          null,
          null,
          null,
          null,
          null,
          null,
          null
        ]
      },
      "/home/dev/Documents/office/testproject/dinnerdash/config/initializers/assets.rb": {
        "lines": [
          null,
          null,
          null,
          null,
          null,
          1,
          null,
          null,
          null,
          null,
          1,
          null,
          null,
          null,
          null,
          null
        ]
      },
      "/home/dev/Documents/office/testproject/dinnerdash/config/initializers/backtrace_silencers.rb": {
        "lines": [
          null,
          null,
          null,
          null,
          null,
          null,
          null,
          null,
          null
        ]
      },
      "/home/dev/Documents/office/testproject/dinnerdash/config/initializers/content_security_policy.rb": {
        "lines": [
          null,
          null,
          null,
          null,
          null,
          null,
          null,
          null,
          null,
          null,
          null,
          null,
          null,
          null,
          null,
          null,
          null,
          null,
          null,
          null,
          null,
          null,
          null,
          null,
          null,
          null,
          null
        ]
      },
      "/home/dev/Documents/office/testproject/dinnerdash/config/initializers/cookies_serializer.rb": {
        "lines": [
          null,
          null,
          null,
          null,
          null,
          null,
          1
        ]
      },
      "/home/dev/Documents/office/testproject/dinnerdash/config/initializers/devise.rb": {
        "lines": [
          null,
          null,
          null,
          null,
          null,
          null,
          null,
          null,
          null,
          null,
          1,
          null,
          null,
          null,
          null,
          null,
          null,
          null,
          null,
          null,
          null,
          null,
          null,
          null,
          null,
          null,
          1,
          null,
          null,
          null,
          null,
          null,
          null,
          null,
          null,
          null,
          null,
          null,
          1,
          null,
          null,
          null,
          null,
          null,
          null,
          null,
          null,
          null,
          null,
          null,
          null,
          null,
          null,
          null,
          null,
          null,
          null,
          null,
          null,
          null,
          1,
          null,
          null,
          null,
          null,
          1,
          null,
          null,
          null,
          null,
          null,
          null,
          null,
          null,
          null,
          null,
          null,
          null,
          null,
          null,
          null,
          null,
          null,
          null,
          null,
          null,
          null,
          null,
          null,
          null,
          null,
          null,
          null,
          null,
          null,
          null,
          null,
          null,
          null,
          1,
          null,
          null,
          null,
          null,
          null,
          null,
          null,
          null,
          null,
          null,
          null,
          null,
          null,
          null,
          null,
          null,
          null,
          null,
          null,
          null,
          null,
          null,
          null,
          null,
          null,
          1,
          null,
          null,
          null,
          null,
          null,
          null,
          null,
          null,
          null,
          null,
          null,
          null,
          null,
          null,
          null,
          null,
          null,
          null,
          null,
          null,
          null,
          null,
          null,
          null,
          null,
          null,
          null,
          null,
          null,
          null,
          null,
          1,
          null,
          null,
          null,
          null,
          null,
          null,
          null,
          null,
          null,
          1,
          null,
          null,
          null,
          null,
          null,
          null,
          null,
          null,
          null,
          null,
          1,
          null,
          null,
          null,
          null,
          1,
          null,
          null,
          null,
          null,
          null,
          null,
          null,
          null,
          null,
          null,
          null,
          null,
          null,
          null,
          null,
          null,
          null,
          null,
          null,
          null,
          null,
          null,
          null,
          null,
          null,
          null,
          null,
          null,
          null,
          null,
          null,
          null,
          null,
          null,
          null,
          null,
          null,
          null,
          null,
          null,
          1,
          null,
          null,
          null,
          null,
          null,
          null,
          null,
          null,
          null,
          null,
          null,
          null,
          null,
          null,
          null,
          null,
          null,
          null,
          null,
          null,
          null,
          null,
          null,
          null,
          null,
          null,
          null,
          null,
          null,
          null,
          null,
          null,
          null,
          null,
          null,
          null,
          null,
          null,
          null,
          null,
          null,
          1,
          null,
          null,
          null,
          null,
          null,
          null,
          null,
          null,
          null,
          null,
          null,
          null,
          null,
          null,
          null,
          null,
          null,
          null,
          null,
          null,
          null,
          null,
          null,
          null,
          null,
          null,
          null,
          null,
          null,
          null,
          null,
          null,
          null,
          null,
          null,
          null,
          null,
          null,
          null,
          null,
          null,
          null
        ]
      },
      "/home/dev/Documents/office/testproject/dinnerdash/config/initializers/filter_parameter_logging.rb": {
        "lines": [
          null,
          null,
          null,
          null,
          null,
          1
        ]
      },
      "/home/dev/Documents/office/testproject/dinnerdash/config/initializers/inflections.rb": {
        "lines": [
          null,
          null,
          null,
          null,
          null,
          null,
          null,
          null,
          null,
          null,
          null,
          null,
          null,
          null,
          null,
          null,
          null,
          null
        ]
      },
      "/home/dev/Documents/office/testproject/dinnerdash/config/initializers/mime_types.rb": {
        "lines": [
          null,
          null,
          null,
          null,
          null,
          null
        ]
      },
      "/home/dev/Documents/office/testproject/dinnerdash/config/initializers/wrap_parameters.rb": {
        "lines": [
          null,
          null,
          null,
          null,
          null,
          null,
          null,
          null,
          1,
          2,
          null,
          null,
          null,
          null,
          null,
          null
        ]
      },
      "/home/dev/Documents/office/testproject/dinnerdash/config/routes.rb": {
        "lines": [
          null,
          null,
          1,
          1,
          1,
          null,
          1,
          1,
          1,
          1,
          1,
          1,
          1,
          1,
          1,
          null,
          null,
          null,
          1,
          1,
          1,
          1,
          1,
          1,
          null,
          null,
          1,
          null,
          null
        ]
      },
      "/home/dev/Documents/office/testproject/dinnerdash/app/models/user.rb": {
        "lines": [
          null,
          null,
          1,
          1,
          1,
          1,
          1,
          null,
          null,
          1,
          null,
          1,
          null
        ]
      },
      "/home/dev/Documents/office/testproject/dinnerdash/app/models/application_record.rb": {
        "lines": [
          null,
          null,
          1,
          1,
          null,
          1,
          null,
          1,
          3,
          3,
          0,
          0,
          0,
          0,
          null,
          null,
          null
        ]
      },
      "/home/dev/Documents/office/testproject/dinnerdash/app/helpers/application_helper.rb": {
        "lines": [
          null,
          null,
          1,
          1,
          null,
          0,
          0,
          null,
          0,
          null,
          null,
          null
        ]
      },
      "/home/dev/Documents/office/testproject/dinnerdash/app/helpers/carts_helper.rb": {
        "lines": [
          null,
          null,
          1,
          1,
          0,
          0,
          0,
          null,
          0,
          null,
          null,
          1,
          0,
          0,
          0,
          null,
          0,
          null,
          null
        ]
      },
      "/home/dev/Documents/office/testproject/dinnerdash/app/helpers/categories_helper.rb": {
        "lines": [
          null,
          null,
          1,
          null
        ]
      },
      "/home/dev/Documents/office/testproject/dinnerdash/app/helpers/categories_items_helper.rb": {
        "lines": [
          null,
          null,
          1,
          null
        ]
      },
      "/home/dev/Documents/office/testproject/dinnerdash/app/helpers/items_helper.rb": {
        "lines": [
          null,
          null,
          1,
          1,
          0,
          null,
          null
        ]
      },
      "/home/dev/Documents/office/testproject/dinnerdash/app/helpers/orders_helper.rb": {
        "lines": [
          null,
          null,
          1,
          1,
          0,
          0,
          0,
          null,
          0,
          null,
          null,
          1,
          0,
          0,
          null,
          0,
          null,
          null,
          null
        ]
      },
      "/home/dev/Documents/office/testproject/dinnerdash/app/models/categories_item.rb": {
        "lines": [
          null,
          null,
          1,
          1,
          1,
          null
        ]
      },
      "/home/dev/Documents/office/testproject/dinnerdash/spec/models/category_spec.rb": {
        "lines": [
          null,
          null,
          1,
          null,
          1,
          2,
          2,
          2,
          2,
          2,
          null
        ]
      },
      "/home/dev/Documents/office/testproject/dinnerdash/app/models/category.rb": {
        "lines": [
          null,
          null,
          1,
          1,
          1,
          1,
          1,
          1,
          1,
          null
        ]
      },
      "/home/dev/Documents/office/testproject/dinnerdash/spec/models/item_spec.rb": {
        "lines": [
          null,
          null,
          1,
          null,
          1,
          2,
          2,
          2,
          2,
          2,
          2,
          2,
          2,
          null
        ]
      },
      "/home/dev/Documents/office/testproject/dinnerdash/app/models/item.rb": {
        "lines": [
          null,
          null,
          1,
          1,
          1,
          1,
          1,
          1,
          1,
          1,
          null
        ]
      },
      "/home/dev/Documents/office/testproject/dinnerdash/spec/models/order_spec.rb": {
        "lines": [
          null,
          null,
          1,
          null,
          1,
          2,
          2,
          2,
          2,
          null
        ]
      },
      "/home/dev/Documents/office/testproject/dinnerdash/app/models/order.rb": {
        "lines": [
          null,
          null,
          1,
          1,
          1,
          1,
          1,
          null
        ]
      },
      "/home/dev/Documents/office/testproject/dinnerdash/spec/models/orders_item_spec.rb": {
        "lines": [
          null,
          null,
          1,
          null,
          1,
          2,
          2,
          null
        ]
      },
      "/home/dev/Documents/office/testproject/dinnerdash/app/models/orders_item.rb": {
        "lines": [
          null,
          null,
          1,
          1,
          1,
          null
        ]
      },
      "/home/dev/Documents/office/testproject/dinnerdash/spec/models/user_spec.rb": {
        "lines": [
          null,
          null,
          1,
          null,
          1,
          2,
          2,
          2,
          2,
          2,
          2,
          null
        ]
      },
      "/home/dev/Documents/office/testproject/dinnerdash/spec/requests/categories_spec.rb": {
        "lines": [
          null,
          null,
          1,
          null,
          1,
          1,
          1,
          1,
          null,
          null,
          1,
          1,
          1,
          null,
          null
        ]
      },
      "/home/dev/Documents/office/testproject/dinnerdash/app/controllers/categories_controller.rb": {
        "lines": [
          null,
          null,
          1,
          1,
          1,
          1,
          1,
          1,
          1,
          null,
          null,
          1,
          0,
          null,
          null,
          1,
          null,
          1,
          0,
          null,
          null,
          1,
          0,
          0,
          0,
          0,
          0,
          null,
          0,
          0,
          null,
          0,
          null,
          null,
          null,
          null,
          1,
          0,
          0,
          null,
          0,
          null,
          null,
          null,
          1,
          0,
          0,
          null,
          0,
          0,
          null,
          null,
          null,
          1,
          null,
          1,
          0,
          null,
          null,
          1,
          1,
          null,
          null,
          1,
          0,
          null,
          null
        ]
      },
      "/home/dev/Documents/office/testproject/dinnerdash/app/controllers/application_controller.rb": {
        "lines": [
          null,
          null,
          1,
          1,
          1,
          null,
          1,
          null,
          1,
          null,
          1,
          null,
          1,
          null,
          1,
          0,
          null,
          null,
          1,
          null,
          1,
          0,
          0,
          null,
          null,
          1,
          2,
          null,
          null,
          1,
          2,
          null,
          null,
          1,
          null,
          1,
          1,
          null,
          null
        ]
      },
      "/home/dev/Documents/office/testproject/dinnerdash/app/policies/category_policy.rb": {
        "lines": [
          null,
          null,
          1,
          1,
          null,
          null,
          null,
          null,
          null,
          null,
          1,
          0,
          null,
          null,
          null,
          1,
          0,
          null,
          null,
          1,
          1,
          null,
          null,
          1,
          1,
          null,
          null,
          1,
          0,
          null,
          null,
          1,
          0,
          null,
          null,
          1,
          0,
          null,
          null
        ]
      },
      "/home/dev/Documents/office/testproject/dinnerdash/app/policies/application_policy.rb": {
        "lines": [
          null,
          null,
          1,
          1,
          null,
          1,
          1,
          1,
          null,
          null,
          1,
          0,
          null,
          null,
          1,
          0,
          null,
          null,
          1,
          0,
          null,
          null,
          1,
          0,
          null,
          null,
          1,
          0,
          null,
          null,
          1,
          0,
          null,
          null,
          1,
          0,
          null,
          null,
          1,
          1,
          0,
          0,
          null,
          null,
          1,
          0,
          null,
          null,
          1,
          null,
          1,
          null,
          null
        ]
      }
    },
    "timestamp": 1658219443
  }
}
